#
# There is insufficient memory for the Java Runtime Environment to continue.
# Native memory allocation (malloc) failed to allocate 2097152 bytes for AllocateHeap
# Possible reasons:
#   The system is out of physical RAM or swap space
#   The process is running with CompressedOops enabled, and the Java Heap may be blocking the growth of the native heap
# Possible solutions:
#   Reduce memory load on the system
#   Increase physical memory or swap space
#   Check if swap backing store is full
#   Decrease Java heap size (-Xmx/-Xms)
#   Decrease number of Java threads
#   Decrease Java thread stack sizes (-Xss)
#   Set larger code cache with -XX:ReservedCodeCacheSize=
#   JVM is running with Unscaled Compressed Oops mode in which the Java heap is
#     placed in the first 4GB address space. The Java Heap base address is the
#     maximum limit for the native heap growth. Please use -XX:HeapBaseMinAddress
#     to set the Java Heap base and to place the Java Heap above 4GB virtual address.
# This output file may be truncated or incomplete.
#
#  Out of Memory Error (allocation.cpp:44), pid=14372, tid=4088
#
# JRE version: OpenJDK Runtime Environment Temurin-17.0.4+8 (17.0.4+8) (build 17.0.4+8)
# Java VM: OpenJDK 64-Bit Server VM Temurin-17.0.4+8 (17.0.4+8, mixed mode, emulated-client, tiered, compressed oops, compressed class ptrs, g1 gc, windows-amd64)
# No core dump will be written. Minidumps are not enabled by default on client versions of Windows
#

---------------  S U M M A R Y ------------

Command Line: -Dsts.lsp.client=vscode -Dsts.log.file=/dev/null -XX:TieredStopAtLevel=1 -Xlog:jni+resolve=off -Dspring.config.location=file:c:\Users\Web Master\.vscode\extensions\pivotal.vscode-spring-boot-1.39.0\language-server\BOOT-INF\classes\application.properties org.springframework.ide.vscode.boot.app.BootLanguageServerBootApp

Host: Intel(R) Core(TM) i3-2120 CPU @ 3.30GHz, 4 cores, 7G,  Windows 11 , 64 bit Build 22000 (10.0.22000.708)
Time: Mon Sep 26 19:21:47 2022 Hora est. Pacífico, Sudamérica elapsed time: 11799.814460 seconds (0d 3h 16m 39s)

---------------  T H R E A D  ---------------

Current thread (0x0000024b611e4430):  VMThread "VM Thread" [stack: 0x000000d7b2100000,0x000000d7b2200000] [id=4088]

Stack: [0x000000d7b2100000,0x000000d7b2200000]
Native frames: (J=compiled Java code, j=interpreted, Vv=VM code, C=native code)
V  [jvm.dll+0x67733a]
V  [jvm.dll+0x8323c4]
V  [jvm.dll+0x833b6e]
V  [jvm.dll+0x8341d3]
V  [jvm.dll+0x2455e5]
V  [jvm.dll+0xa6393]
V  [jvm.dll+0x2f5831]
V  [jvm.dll+0x2f14b0]
V  [jvm.dll+0x2d9b97]
V  [jvm.dll+0x31cca7]
V  [jvm.dll+0x83867b]
V  [jvm.dll+0x8393b4]
V  [jvm.dll+0x8398cc]
V  [jvm.dll+0x839ca4]
V  [jvm.dll+0x839d70]
V  [jvm.dll+0x7e245a]
V  [jvm.dll+0x6761c5]
C  [ucrtbase.dll+0x26c0c]
C  [KERNEL32.DLL+0x154e0]
C  [ntdll.dll+0x485b]

VM_Operation (0x000000d7b3bfe950): G1CollectFull, mode: safepoint, requested by thread 0x0000024b63afa6f0


---------------  P R O C E S S  ---------------

Threads class SMR info:
_java_thread_list=0x0000024b65a75940, length=22, elements={
0x0000024b611fd480, 0x0000024b611fdf40, 0x0000024b61c0c5c0, 0x0000024b61c0ce80,
0x0000024b61c0dd50, 0x0000024b61c0e610, 0x0000024b61237820, 0x0000024b6123a130,
0x0000024b61e0f400, 0x0000024b61e378f0, 0x0000024b61da2030, 0x0000024b63afa6f0,
0x0000024b63af8ee0, 0x0000024b63af8a10, 0x0000024b63af9d50, 0x0000024b63afa220,
0x0000024b63af9880, 0x0000024b63afba30, 0x0000024b63afb090, 0x0000024b63af8070,
0x0000024b63af93b0, 0x0000024b63cc8d50
}

Java Threads: ( => current thread )
  0x0000024b611fd480 JavaThread "Reference Handler" daemon [_thread_blocked, id=24272, stack(0x000000d7b2200000,0x000000d7b2300000)]
  0x0000024b611fdf40 JavaThread "Finalizer" daemon [_thread_blocked, id=16528, stack(0x000000d7b2300000,0x000000d7b2400000)]
  0x0000024b61c0c5c0 JavaThread "Signal Dispatcher" daemon [_thread_blocked, id=20140, stack(0x000000d7b2500000,0x000000d7b2600000)]
  0x0000024b61c0ce80 JavaThread "Attach Listener" daemon [_thread_blocked, id=20128, stack(0x000000d7b2600000,0x000000d7b2700000)]
  0x0000024b61c0dd50 JavaThread "Service Thread" daemon [_thread_blocked, id=24024, stack(0x000000d7b2700000,0x000000d7b2800000)]
  0x0000024b61c0e610 JavaThread "Monitor Deflation Thread" daemon [_thread_blocked, id=20828, stack(0x000000d7b2800000,0x000000d7b2900000)]
  0x0000024b61237820 JavaThread "C1 CompilerThread0" daemon [_thread_blocked, id=24212, stack(0x000000d7b2900000,0x000000d7b2a00000)]
  0x0000024b6123a130 JavaThread "Sweeper thread" daemon [_thread_blocked, id=23852, stack(0x000000d7b2a00000,0x000000d7b2b00000)]
  0x0000024b61e0f400 JavaThread "Notification Thread" daemon [_thread_blocked, id=7312, stack(0x000000d7b2b00000,0x000000d7b2c00000)]
  0x0000024b61e378f0 JavaThread "Common-Cleaner" daemon [_thread_blocked, id=23912, stack(0x000000d7b2d00000,0x000000d7b2e00000)]
  0x0000024b61da2030 JavaThread "boundedElastic-evictor-1" daemon [_thread_blocked, id=17548, stack(0x000000d7b3300000,0x000000d7b3400000)]
  0x0000024b63afa6f0 JavaThread "pool-9-thread-1" [_thread_blocked, id=8296, stack(0x000000d7b3b00000,0x000000d7b3c00000)]
  0x0000024b63af8ee0 JavaThread "LanguageServerApp-lifecycle" [_thread_blocked, id=8552, stack(0x000000d7b3c00000,0x000000d7b3d00000)]
  0x0000024b63af8a10 JavaThread "DestroyJavaVM" [_thread_blocked, id=23620, stack(0x000000d7b1b00000,0x000000d7b1c00000)]
  0x0000024b63af9d50 JavaThread "pool-10-thread-1" [_thread_in_native, id=17876, stack(0x000000d7b3e00000,0x000000d7b3f00000)]
  0x0000024b63afa220 JavaThread "Simple-Language-Server main thread" daemon [_thread_blocked, id=7120, stack(0x000000d7b3f00000,0x000000d7b4000000)]
  0x0000024b63af9880 JavaThread "pool-7-thread-1" [_thread_blocked, id=992, stack(0x000000d7b4000000,0x000000d7b4100000)]
  0x0000024b63afba30 JavaThread "parallel-1" daemon [_thread_blocked, id=9304, stack(0x000000d7b4100000,0x000000d7b4200000)]
  0x0000024b63afb090 JavaThread "parallel-2" daemon [_thread_blocked, id=14576, stack(0x000000d7b4200000,0x000000d7b4300000)]
  0x0000024b63af8070 JavaThread "Reconciler-1" daemon [_thread_blocked, id=2832, stack(0x000000d7b4400000,0x000000d7b4500000)]
  0x0000024b63af93b0 JavaThread "parallel-3" daemon [_thread_blocked, id=21428, stack(0x000000d7b4700000,0x000000d7b4800000)]
  0x0000024b63cc8d50 JavaThread "pool-5-thread-1" [_thread_blocked, id=18072, stack(0x000000d7b3a00000,0x000000d7b3b00000)]

Other Threads:
=>0x0000024b611e4430 VMThread "VM Thread" [stack: 0x000000d7b2100000,0x000000d7b2200000] [id=4088]
  0x0000024b54782630 WatcherThread [stack: 0x000000d7b2c00000,0x000000d7b2d00000] [id=12496]
  0x0000024b54764ed0 GCTaskThread "GC Thread#0" [stack: 0x000000d7b1c00000,0x000000d7b1d00000] [id=6920]
  0x0000024b61cb0c70 GCTaskThread "GC Thread#1" [stack: 0x000000d7b2f00000,0x000000d7b3000000] [id=22544]
  0x0000024b62689030 GCTaskThread "GC Thread#2" [stack: 0x000000d7b3000000,0x000000d7b3100000] [id=22276]
  0x0000024b6274cc10 GCTaskThread "GC Thread#3" [stack: 0x000000d7b3200000,0x000000d7b3300000] [id=10620]
  0x0000024b54775900 ConcurrentGCThread "G1 Main Marker" [stack: 0x000000d7b1d00000,0x000000d7b1e00000] [id=7176]
  0x0000024b547769d0 ConcurrentGCThread "G1 Conc#0" [stack: 0x000000d7b1e00000,0x000000d7b1f00000] [id=18792]
  0x0000024b547d4340 ConcurrentGCThread "G1 Refine#0" [stack: 0x000000d7b1f00000,0x000000d7b2000000] [id=14268]
  0x0000024b63cea060 ConcurrentGCThread "G1 Refine#1" [stack: 0x000000d7b3d00000,0x000000d7b3e00000] [id=2908]
  0x0000024b63b80070 ConcurrentGCThread "G1 Refine#2" [stack: 0x000000d7b4500000,0x000000d7b4600000] [id=21256]
  0x0000024b63b811b0 ConcurrentGCThread "G1 Refine#3" [stack: 0x000000d7b4800000,0x000000d7b4900000] [id=18472]
  0x0000024b547d4b10 ConcurrentGCThread "G1 Service" [stack: 0x000000d7b2000000,0x000000d7b2100000] [id=1360]

Threads with active compile tasks:

VM state: at safepoint (normal execution)

VM Mutex/Monitor currently owned by a thread:  ([mutex/lock_event])
[0x0000024b5266c530] Threads_lock - owner thread: 0x0000024b611e4430
[0x0000024b54707bf0] Heap_lock - owner thread: 0x0000024b63afa6f0

Heap address: 0x0000000082c00000, size: 2004 MB, Compressed Oops mode: 32-bit

CDS archive(s) not mapped
Compressed class space mapped at: 0x0000000100000000-0x0000000140000000, reserved size: 1073741824
Narrow klass base: 0x0000000000000000, Narrow klass shift: 3, Narrow klass range: 0x140000000

GC Precious Log:
 CPUs: 4 total, 4 available
 Memory: 8010M
 Large Page Support: Disabled
 NUMA Support: Disabled
 Compressed Oops: Enabled (32-bit)
 Heap Region Size: 1M
 Heap Min Capacity: 8M
 Heap Initial Capacity: 126M
 Heap Max Capacity: 2004M
 Pre-touch: Disabled
 Parallel Workers: 4
 Concurrent Workers: 1
 Concurrent Refinement Workers: 4
 Periodic GC: Disabled

Heap:
 garbage-first heap   total 106496K, used 31651K [0x0000000082c00000, 0x0000000100000000)
  region size 1024K, 1 young (1024K), 0 survivors (0K)
 Metaspace       used 52483K, committed 52992K, reserved 1097728K
  class space    used 6923K, committed 7168K, reserved 1048576K

Heap Regions: E=young(eden), S=young(survivor), O=old, HS=humongous(starts), HC=humongous(continues), CS=collection set, F=free, OA=open archive, CA=closed archive, TAMS=top-at-mark-start (previous, next)
|   0|0x0000000082c00000, 0x0000000082d00000, 0x0000000082d00000|100%| O|  |TAMS 0x0000000082d00000, 0x0000000082c00000| Untracked 
|   1|0x0000000082d00000, 0x0000000082e00000, 0x0000000082e00000|100%| O|  |TAMS 0x0000000082e00000, 0x0000000082d00000| Untracked 
|   2|0x0000000082e00000, 0x0000000082f00000, 0x0000000082f00000|100%| O|  |TAMS 0x0000000082f00000, 0x0000000082e00000| Untracked 
|   3|0x0000000082f00000, 0x0000000083000000, 0x0000000083000000|100%| O|  |TAMS 0x0000000083000000, 0x0000000082f00000| Untracked 
|   4|0x0000000083000000, 0x00000000830ffff0, 0x0000000083100000| 99%| O|  |TAMS 0x00000000830ffff0, 0x0000000083000000| Untracked 
|   5|0x0000000083100000, 0x0000000083200000, 0x0000000083200000|100%| O|  |TAMS 0x0000000083200000, 0x0000000083100000| Untracked 
|   6|0x0000000083200000, 0x00000000832fffe8, 0x0000000083300000| 99%| O|  |TAMS 0x00000000832fffe8, 0x0000000083200000| Untracked 
|   7|0x0000000083300000, 0x0000000083400000, 0x0000000083400000|100%| O|  |TAMS 0x0000000083400000, 0x0000000083300000| Untracked 
|   8|0x0000000083400000, 0x00000000834fffb8, 0x0000000083500000| 99%| O|  |TAMS 0x00000000834fffb8, 0x0000000083400000| Untracked 
|   9|0x0000000083500000, 0x00000000835fffe8, 0x0000000083600000| 99%| O|  |TAMS 0x00000000835fffe8, 0x0000000083500000| Untracked 
|  10|0x0000000083600000, 0x0000000083700000, 0x0000000083700000|100%| O|  |TAMS 0x0000000083700000, 0x0000000083600000| Untracked 
|  11|0x0000000083700000, 0x00000000837ffff0, 0x0000000083800000| 99%| O|  |TAMS 0x00000000837ffff0, 0x0000000083700000| Untracked 
|  12|0x0000000083800000, 0x00000000838fffb8, 0x0000000083900000| 99%| O|  |TAMS 0x00000000838fffb8, 0x0000000083800000| Untracked 
|  13|0x0000000083900000, 0x0000000083a00000, 0x0000000083a00000|100%| O|  |TAMS 0x0000000083a00000, 0x0000000083900000| Untracked 
|  14|0x0000000083a00000, 0x0000000083affda8, 0x0000000083b00000| 99%| O|  |TAMS 0x0000000083affda8, 0x0000000083a00000| Untracked 
|  15|0x0000000083b00000, 0x0000000083bffff0, 0x0000000083c00000| 99%| O|  |TAMS 0x0000000083bffff0, 0x0000000083b00000| Untracked 
|  16|0x0000000083c00000, 0x0000000083d00000, 0x0000000083d00000|100%| O|  |TAMS 0x0000000083d00000, 0x0000000083c00000| Untracked 
|  17|0x0000000083d00000, 0x0000000083dffff8, 0x0000000083e00000| 99%| O|  |TAMS 0x0000000083dffff8, 0x0000000083d00000| Untracked 
|  18|0x0000000083e00000, 0x0000000083effff0, 0x0000000083f00000| 99%| O|  |TAMS 0x0000000083effff0, 0x0000000083e00000| Untracked 
|  19|0x0000000083f00000, 0x0000000084000000, 0x0000000084000000|100%| O|  |TAMS 0x0000000084000000, 0x0000000083f00000| Untracked 
|  20|0x0000000084000000, 0x00000000840ffff8, 0x0000000084100000| 99%| O|  |TAMS 0x00000000840ffff8, 0x0000000084000000| Untracked 
|  21|0x0000000084100000, 0x00000000841faab8, 0x0000000084200000| 97%| O|  |TAMS 0x00000000841faab8, 0x0000000084100000| Untracked 
|  22|0x0000000084200000, 0x00000000842ee698, 0x0000000084300000| 93%| O|  |TAMS 0x0000000084200000, 0x0000000084200000| Untracked 
|  23|0x0000000084300000, 0x00000000843ffff8, 0x0000000084400000| 99%| O|  |TAMS 0x00000000843ffff8, 0x0000000084300000| Untracked 
|  24|0x0000000084400000, 0x00000000844fffd0, 0x0000000084500000| 99%| O|  |TAMS 0x00000000844fffd0, 0x0000000084400000| Untracked 
|  25|0x0000000084500000, 0x0000000084500068, 0x0000000084600000|  0%| O|  |TAMS 0x0000000084500000, 0x0000000084500000| Untracked 
|  26|0x0000000084600000, 0x0000000084700000, 0x0000000084700000|100%| O|  |TAMS 0x0000000084700000, 0x0000000084600000| Untracked 
|  27|0x0000000084700000, 0x0000000084800000, 0x0000000084800000|100%| O|  |TAMS 0x0000000084800000, 0x0000000084700000| Untracked 
|  28|0x0000000084800000, 0x0000000084800000, 0x0000000084900000|  0%| F|  |TAMS 0x0000000084800000, 0x0000000084800000| Untracked 
|  29|0x0000000084900000, 0x0000000084900000, 0x0000000084a00000|  0%| F|  |TAMS 0x0000000084900000, 0x0000000084900000| Untracked 
|  30|0x0000000084a00000, 0x0000000084a00000, 0x0000000084b00000|  0%| F|  |TAMS 0x0000000084a00000, 0x0000000084a00000| Untracked 
|  31|0x0000000084b00000, 0x0000000084b00000, 0x0000000084c00000|  0%| F|  |TAMS 0x0000000084b00000, 0x0000000084b00000| Untracked 
|  32|0x0000000084c00000, 0x0000000084cffff8, 0x0000000084d00000| 99%| O|  |TAMS 0x0000000084cffff8, 0x0000000084c00000| Untracked 
|  33|0x0000000084d00000, 0x0000000084d00000, 0x0000000084e00000|  0%| F|  |TAMS 0x0000000084d00000, 0x0000000084d00000| Untracked 
|  34|0x0000000084e00000, 0x0000000084e00000, 0x0000000084f00000|  0%| F|  |TAMS 0x0000000084e00000, 0x0000000084e00000| Untracked 
|  35|0x0000000084f00000, 0x0000000084f00000, 0x0000000085000000|  0%| F|  |TAMS 0x0000000084f00000, 0x0000000084f00000| Untracked 
|  36|0x0000000085000000, 0x0000000085000000, 0x0000000085100000|  0%| F|  |TAMS 0x0000000085000000, 0x0000000085000000| Untracked 
|  37|0x0000000085100000, 0x0000000085100000, 0x0000000085200000|  0%| F|  |TAMS 0x0000000085100000, 0x0000000085100000| Untracked 
|  38|0x0000000085200000, 0x0000000085200000, 0x0000000085300000|  0%| F|  |TAMS 0x0000000085200000, 0x0000000085200000| Untracked 
|  39|0x0000000085300000, 0x0000000085300000, 0x0000000085400000|  0%| F|  |TAMS 0x0000000085300000, 0x0000000085300000| Untracked 
|  40|0x0000000085400000, 0x0000000085400000, 0x0000000085500000|  0%| F|  |TAMS 0x0000000085400000, 0x0000000085400000| Untracked 
|  41|0x0000000085500000, 0x0000000085500000, 0x0000000085600000|  0%| F|  |TAMS 0x0000000085500000, 0x0000000085500000| Untracked 
|  42|0x0000000085600000, 0x0000000085600000, 0x0000000085700000|  0%| F|  |TAMS 0x0000000085600000, 0x0000000085600000| Untracked 
|  43|0x0000000085700000, 0x0000000085700000, 0x0000000085800000|  0%| F|  |TAMS 0x0000000085700000, 0x0000000085700000| Untracked 
|  44|0x0000000085800000, 0x0000000085800000, 0x0000000085900000|  0%| F|  |TAMS 0x0000000085800000, 0x0000000085800000| Untracked 
|  45|0x0000000085900000, 0x0000000085900000, 0x0000000085a00000|  0%| F|  |TAMS 0x0000000085900000, 0x0000000085900000| Untracked 
|  46|0x0000000085a00000, 0x0000000085a00000, 0x0000000085b00000|  0%| F|  |TAMS 0x0000000085a00000, 0x0000000085a00000| Untracked 
|  47|0x0000000085b00000, 0x0000000085b00000, 0x0000000085c00000|  0%| F|  |TAMS 0x0000000085b00000, 0x0000000085b00000| Untracked 
|  48|0x0000000085c00000, 0x0000000085c00000, 0x0000000085d00000|  0%| F|  |TAMS 0x0000000085c00000, 0x0000000085c00000| Untracked 
|  49|0x0000000085d00000, 0x0000000085d00000, 0x0000000085e00000|  0%| F|  |TAMS 0x0000000085d00000, 0x0000000085d00000| Untracked 
|  50|0x0000000085e00000, 0x0000000085e00000, 0x0000000085f00000|  0%| F|  |TAMS 0x0000000085e00000, 0x0000000085e00000| Untracked 
|  51|0x0000000085f00000, 0x0000000085f00000, 0x0000000086000000|  0%| F|  |TAMS 0x0000000085f00000, 0x0000000085f00000| Untracked 
|  52|0x0000000086000000, 0x0000000086000000, 0x0000000086100000|  0%| F|  |TAMS 0x0000000086000000, 0x0000000086000000| Untracked 
|  53|0x0000000086100000, 0x0000000086100000, 0x0000000086200000|  0%| F|  |TAMS 0x0000000086100000, 0x0000000086100000| Untracked 
|  54|0x0000000086200000, 0x0000000086200000, 0x0000000086300000|  0%| F|  |TAMS 0x0000000086200000, 0x0000000086200000| Untracked 
|  55|0x0000000086300000, 0x0000000086300000, 0x0000000086400000|  0%| F|  |TAMS 0x0000000086300000, 0x0000000086300000| Untracked 
|  56|0x0000000086400000, 0x0000000086400000, 0x0000000086500000|  0%| F|  |TAMS 0x0000000086400000, 0x0000000086400000| Untracked 
|  57|0x0000000086500000, 0x0000000086500000, 0x0000000086600000|  0%| F|  |TAMS 0x0000000086500000, 0x0000000086500000| Untracked 
|  58|0x0000000086600000, 0x0000000086600000, 0x0000000086700000|  0%| F|  |TAMS 0x0000000086600000, 0x0000000086600000| Untracked 
|  59|0x0000000086700000, 0x0000000086700000, 0x0000000086800000|  0%| F|  |TAMS 0x0000000086700000, 0x0000000086700000| Untracked 
|  60|0x0000000086800000, 0x0000000086800000, 0x0000000086900000|  0%| F|  |TAMS 0x0000000086800000, 0x0000000086800000| Untracked 
|  61|0x0000000086900000, 0x0000000086900000, 0x0000000086a00000|  0%| F|  |TAMS 0x0000000086900000, 0x0000000086900000| Untracked 
|  62|0x0000000086a00000, 0x0000000086a00000, 0x0000000086b00000|  0%| F|  |TAMS 0x0000000086a00000, 0x0000000086a00000| Untracked 
|  63|0x0000000086b00000, 0x0000000086b00000, 0x0000000086c00000|  0%| F|  |TAMS 0x0000000086b00000, 0x0000000086b00000| Untracked 
|  64|0x0000000086c00000, 0x0000000086c00000, 0x0000000086d00000|  0%| F|  |TAMS 0x0000000086c00000, 0x0000000086c00000| Untracked 
|  65|0x0000000086d00000, 0x0000000086d00000, 0x0000000086e00000|  0%| F|  |TAMS 0x0000000086d00000, 0x0000000086d00000| Untracked 
|  66|0x0000000086e00000, 0x0000000086e00000, 0x0000000086f00000|  0%| F|  |TAMS 0x0000000086e00000, 0x0000000086e00000| Untracked 
|  67|0x0000000086f00000, 0x0000000086f00000, 0x0000000087000000|  0%| F|  |TAMS 0x0000000086f00000, 0x0000000086f00000| Untracked 
|  68|0x0000000087000000, 0x0000000087000000, 0x0000000087100000|  0%| F|  |TAMS 0x0000000087000000, 0x0000000087000000| Untracked 
|  69|0x0000000087100000, 0x0000000087100000, 0x0000000087200000|  0%| F|  |TAMS 0x0000000087100000, 0x0000000087100000| Untracked 
|  70|0x0000000087200000, 0x0000000087200000, 0x0000000087300000|  0%| F|  |TAMS 0x0000000087200000, 0x0000000087200000| Untracked 
|  71|0x0000000087300000, 0x0000000087300000, 0x0000000087400000|  0%| F|  |TAMS 0x0000000087300000, 0x0000000087300000| Untracked 
|  72|0x0000000087400000, 0x0000000087400000, 0x0000000087500000|  0%| F|  |TAMS 0x0000000087400000, 0x0000000087400000| Untracked 
|  73|0x0000000087500000, 0x0000000087500000, 0x0000000087600000|  0%| F|  |TAMS 0x0000000087500000, 0x0000000087500000| Untracked 
|  74|0x0000000087600000, 0x0000000087600000, 0x0000000087700000|  0%| F|  |TAMS 0x0000000087600000, 0x0000000087600000| Untracked 
|  75|0x0000000087700000, 0x0000000087700000, 0x0000000087800000|  0%| F|  |TAMS 0x0000000087700000, 0x0000000087700000| Untracked 
|  76|0x0000000087800000, 0x0000000087800000, 0x0000000087900000|  0%| F|  |TAMS 0x0000000087800000, 0x0000000087800000| Untracked 
|  77|0x0000000087900000, 0x0000000087900000, 0x0000000087a00000|  0%| F|  |TAMS 0x0000000087900000, 0x0000000087900000| Untracked 
|  78|0x0000000087a00000, 0x0000000087a00000, 0x0000000087b00000|  0%| F|  |TAMS 0x0000000087a00000, 0x0000000087a00000| Untracked 
|  79|0x0000000087b00000, 0x0000000087b00000, 0x0000000087c00000|  0%| F|  |TAMS 0x0000000087b00000, 0x0000000087b00000| Untracked 
|  80|0x0000000087c00000, 0x0000000087c00000, 0x0000000087d00000|  0%| F|  |TAMS 0x0000000087c00000, 0x0000000087c00000| Untracked 
|  81|0x0000000087d00000, 0x0000000087d00000, 0x0000000087e00000|  0%| F|  |TAMS 0x0000000087d00000, 0x0000000087d00000| Untracked 
|  82|0x0000000087e00000, 0x0000000087e00000, 0x0000000087f00000|  0%| F|  |TAMS 0x0000000087e00000, 0x0000000087e00000| Untracked 
|  83|0x0000000087f00000, 0x0000000087f00000, 0x0000000088000000|  0%| F|  |TAMS 0x0000000087f00000, 0x0000000087f00000| Untracked 
|  84|0x0000000088000000, 0x0000000088000000, 0x0000000088100000|  0%| F|  |TAMS 0x0000000088000000, 0x0000000088000000| Untracked 
|  85|0x0000000088100000, 0x0000000088100000, 0x0000000088200000|  0%| F|  |TAMS 0x0000000088100000, 0x0000000088100000| Untracked 
|  86|0x0000000088200000, 0x0000000088200000, 0x0000000088300000|  0%| F|  |TAMS 0x0000000088200000, 0x0000000088200000| Untracked 
|  87|0x0000000088300000, 0x0000000088300000, 0x0000000088400000|  0%| F|  |TAMS 0x0000000088300000, 0x0000000088300000| Untracked 
|  88|0x0000000088400000, 0x0000000088400000, 0x0000000088500000|  0%| F|  |TAMS 0x0000000088400000, 0x0000000088400000| Untracked 
|  89|0x0000000088500000, 0x0000000088500000, 0x0000000088600000|  0%| F|  |TAMS 0x0000000088500000, 0x0000000088500000| Untracked 
|  90|0x0000000088600000, 0x0000000088600000, 0x0000000088700000|  0%| F|  |TAMS 0x0000000088600000, 0x0000000088600000| Untracked 
|  91|0x0000000088700000, 0x0000000088700000, 0x0000000088800000|  0%| F|  |TAMS 0x0000000088700000, 0x0000000088700000| Untracked 
|  92|0x0000000088800000, 0x0000000088800000, 0x0000000088900000|  0%| F|  |TAMS 0x0000000088800000, 0x0000000088800000| Untracked 
|  93|0x0000000088900000, 0x0000000088900000, 0x0000000088a00000|  0%| F|  |TAMS 0x0000000088900000, 0x0000000088900000| Untracked 
|  94|0x0000000088a00000, 0x0000000088a00000, 0x0000000088b00000|  0%| F|  |TAMS 0x0000000088a00000, 0x0000000088a00000| Untracked 
|  95|0x0000000088b00000, 0x0000000088b00000, 0x0000000088c00000|  0%| F|  |TAMS 0x0000000088b00000, 0x0000000088b00000| Untracked 
|  96|0x0000000088c00000, 0x0000000088c00000, 0x0000000088d00000|  0%| F|  |TAMS 0x0000000088c00000, 0x0000000088c00000| Untracked 
|  97|0x0000000088d00000, 0x0000000088d00000, 0x0000000088e00000|  0%| F|  |TAMS 0x0000000088d00000, 0x0000000088d00000| Untracked 
|  98|0x0000000088e00000, 0x0000000088e00000, 0x0000000088f00000|  0%| F|  |TAMS 0x0000000088e00000, 0x0000000088e00000| Untracked 
|  99|0x0000000088f00000, 0x0000000089000000, 0x0000000089000000|100%| O|  |TAMS 0x0000000089000000, 0x0000000088f00000| Untracked 
| 100|0x0000000089000000, 0x0000000089100000, 0x0000000089100000|100%| O|  |TAMS 0x0000000089100000, 0x0000000089000000| Untracked 
| 101|0x0000000089100000, 0x0000000089100000, 0x0000000089200000|  0%| F|  |TAMS 0x0000000089100000, 0x0000000089100000| Untracked 
| 102|0x0000000089200000, 0x0000000089300000, 0x0000000089300000|100%| O|  |TAMS 0x0000000089300000, 0x0000000089200000| Untracked 
| 103|0x0000000089300000, 0x0000000089308fa0, 0x0000000089400000|  3%| E|  |TAMS 0x0000000089300000, 0x0000000089300000| Complete 

Card table byte_map: [0x0000024b5a790000,0x0000024b5ab80000] _byte_map_base: 0x0000024b5a37a000

Marking Bits (Prev, Next): (CMBitMap*) 0x0000024b54765430, (CMBitMap*) 0x0000024b547653f0
 Prev Bits: [0x0000024b5cec0000, 0x0000024b5ee10000)
 Next Bits: [0x0000024b5af70000, 0x0000024b5cec0000)

Polling page: 0x0000024b52620000

Metaspace:

Usage:
  Non-class:     44.49 MB used.
      Class:      6.76 MB used.
       Both:     51.25 MB used.

Virtual space:
  Non-class space:       48.00 MB reserved,      44.75 MB ( 93%) committed,  6 nodes.
      Class space:        1.00 GB reserved,       7.00 MB ( <1%) committed,  1 nodes.
             Both:        1.05 GB reserved,      51.75 MB (  5%) committed. 

Chunk freelists:
   Non-Class:  2.42 MB
       Class:  1.01 MB
        Both:  3.43 MB

MaxMetaspaceSize: unlimited
CompressedClassSpaceSize: 1.00 GB
Initial GC threshold: 21.00 MB
Current GC threshold: 86.25 MB
CDS: off
MetaspaceReclaimPolicy: balanced
 - commit_granule_bytes: 65536.
 - commit_granule_words: 8192.
 - virtual_space_node_default_size: 1048576.
 - enlarge_chunks_in_place: 1.
 - new_chunks_are_fully_committed: 0.
 - uncommit_free_chunks: 1.
 - use_allocation_guard: 0.
 - handle_deallocations: 1.


Internal statistics:

num_allocs_failed_limit: 5.
num_arena_births: 498.
num_arena_deaths: 158.
num_vsnodes_births: 7.
num_vsnodes_deaths: 0.
num_space_committed: 828.
num_space_uncommitted: 0.
num_chunks_returned_to_freelist: 174.
num_chunks_taken_from_freelist: 2169.
num_chunk_merges: 66.
num_chunk_splits: 1543.
num_chunks_enlarged: 1229.
num_purges: 12.
num_inconsistent_stats: 0.

CodeCache: size=49152Kb used=12420Kb max_used=13319Kb free=36731Kb
 bounds [0x0000024b573a0000, 0x0000024b580b0000, 0x0000024b5a3a0000]
 total_blobs=7153 nmethods=6554 adapters=525
 compilation: enabled
              stopped_count=0, restarted_count=0
 full_count=0

Compilation events (20 events):
Event: 3404.049 Thread 0x0000024b61237820 6541       1       java.lang.Process::<init> (5 bytes)
Event: 3404.049 Thread 0x0000024b61237820 nmethod 6541 0x0000024b57e13790 code [0x0000024b57e13920, 0x0000024b57e139d8]
Event: 3404.049 Thread 0x0000024b61237820 6543       1       java.lang.invoke.Invokers$Holder::linkToTargetMethod (9 bytes)
Event: 3404.049 Thread 0x0000024b61237820 nmethod 6543 0x0000024b57e13410 code [0x0000024b57e135c0, 0x0000024b57e136d8]
Event: 3404.049 Thread 0x0000024b61237820 6544       1       java.lang.invoke.LambdaForm$DMH/0x0000000100703c00::newInvokeSpecial (23 bytes)
Event: 3404.049 Thread 0x0000024b61237820 nmethod 6544 0x0000024b57e12f90 code [0x0000024b57e13140, 0x0000024b57e132c8]
Event: 3404.049 Thread 0x0000024b61237820 6545       1       java.lang.ProcessImpl$$Lambda$708/0x000000010045f638::<init> (10 bytes)
Event: 3404.049 Thread 0x0000024b61237820 nmethod 6545 0x0000024b57e12c90 code [0x0000024b57e12e20, 0x0000024b57e12ef8]
Event: 3404.282 Thread 0x0000024b61237820 6546   !   1       java.io.FilterOutputStream::close (183 bytes)
Event: 3404.283 Thread 0x0000024b61237820 nmethod 6546 0x0000024b57e12310 code [0x0000024b57e12520, 0x0000024b57e129f8]
Event: 3404.336 Thread 0x0000024b61237820 6548       1       java.lang.ProcessImpl$$Lambda$708/0x000000010045f638::run (8 bytes)
Event: 3404.337 Thread 0x0000024b61237820 nmethod 6548 0x0000024b57e11810 code [0x0000024b57e119a0, 0x0000024b57e11a88]
Event: 3404.337 Thread 0x0000024b61237820 6549       1       java.lang.ProcessImpl::lambda$new$0 (6 bytes)
Event: 3404.337 Thread 0x0000024b61237820 nmethod 6549 0x0000024b57e11510 code [0x0000024b57e116a0, 0x0000024b57e11768]
Event: 4721.733 Thread 0x0000024b61237820 6552       1       java.lang.ProcessImpl$2::run (242 bytes)
Event: 4721.735 Thread 0x0000024b61237820 nmethod 6552 0x0000024b57e0f690 code [0x0000024b57e0f940, 0x0000024b57e106d8]
Event: 4721.735 Thread 0x0000024b61237820 6553       1       java.io.BufferedOutputStream::<init> (9 bytes)
Event: 4721.735 Thread 0x0000024b61237820 nmethod 6553 0x0000024b57e0f110 code [0x0000024b57e0f2a0, 0x0000024b57e0f578]
Event: 4721.735 Thread 0x0000024b61237820 6554       1       java.lang.ProcessImpl::waitFor (136 bytes)
Event: 4721.736 Thread 0x0000024b61237820 nmethod 6554 0x0000024b57e0e890 code [0x0000024b57e0eaa0, 0x0000024b57e0ee98]

GC Heap History (20 events):
Event: 11694.182 GC heap before
{Heap before GC invocations=1089 (full 1056):
 garbage-first heap   total 106496K, used 31651K [0x0000000082c00000, 0x0000000100000000)
  region size 1024K, 1 young (1024K), 0 survivors (0K)
 Metaspace       used 52483K, committed 52992K, reserved 1097728K
  class space    used 6923K, committed 7168K, reserved 1048576K
}
Event: 11694.239 GC heap after
{Heap after GC invocations=1090 (full 1057):
 garbage-first heap   total 106496K, used 31651K [0x0000000082c00000, 0x0000000100000000)
  region size 1024K, 0 young (0K), 0 survivors (0K)
 Metaspace       used 52483K, committed 52992K, reserved 1097728K
  class space    used 6923K, committed 7168K, reserved 1048576K
}
Event: 11704.977 GC heap before
{Heap before GC invocations=1090 (full 1057):
 garbage-first heap   total 106496K, used 31651K [0x0000000082c00000, 0x0000000100000000)
  region size 1024K, 1 young (1024K), 0 survivors (0K)
 Metaspace       used 52483K, committed 52992K, reserved 1097728K
  class space    used 6923K, committed 7168K, reserved 1048576K
}
Event: 11705.034 GC heap after
{Heap after GC invocations=1091 (full 1058):
 garbage-first heap   total 106496K, used 31651K [0x0000000082c00000, 0x0000000100000000)
  region size 1024K, 0 young (0K), 0 survivors (0K)
 Metaspace       used 52483K, committed 52992K, reserved 1097728K
  class space    used 6923K, committed 7168K, reserved 1048576K
}
Event: 11715.561 GC heap before
{Heap before GC invocations=1091 (full 1058):
 garbage-first heap   total 106496K, used 31651K [0x0000000082c00000, 0x0000000100000000)
  region size 1024K, 1 young (1024K), 0 survivors (0K)
 Metaspace       used 52483K, committed 52992K, reserved 1097728K
  class space    used 6923K, committed 7168K, reserved 1048576K
}
Event: 11715.625 GC heap after
{Heap after GC invocations=1092 (full 1059):
 garbage-first heap   total 106496K, used 31651K [0x0000000082c00000, 0x0000000100000000)
  region size 1024K, 0 young (0K), 0 survivors (0K)
 Metaspace       used 52483K, committed 52992K, reserved 1097728K
  class space    used 6923K, committed 7168K, reserved 1048576K
}
Event: 11725.972 GC heap before
{Heap before GC invocations=1092 (full 1059):
 garbage-first heap   total 106496K, used 31651K [0x0000000082c00000, 0x0000000100000000)
  region size 1024K, 1 young (1024K), 0 survivors (0K)
 Metaspace       used 52483K, committed 52992K, reserved 1097728K
  class space    used 6923K, committed 7168K, reserved 1048576K
}
Event: 11726.029 GC heap after
{Heap after GC invocations=1093 (full 1060):
 garbage-first heap   total 106496K, used 31651K [0x0000000082c00000, 0x0000000100000000)
  region size 1024K, 0 young (0K), 0 survivors (0K)
 Metaspace       used 52483K, committed 52992K, reserved 1097728K
  class space    used 6923K, committed 7168K, reserved 1048576K
}
Event: 11736.960 GC heap before
{Heap before GC invocations=1093 (full 1060):
 garbage-first heap   total 106496K, used 31651K [0x0000000082c00000, 0x0000000100000000)
  region size 1024K, 1 young (1024K), 0 survivors (0K)
 Metaspace       used 52483K, committed 52992K, reserved 1097728K
  class space    used 6923K, committed 7168K, reserved 1048576K
}
Event: 11737.019 GC heap after
{Heap after GC invocations=1094 (full 1061):
 garbage-first heap   total 106496K, used 31651K [0x0000000082c00000, 0x0000000100000000)
  region size 1024K, 0 young (0K), 0 survivors (0K)
 Metaspace       used 52483K, committed 52992K, reserved 1097728K
  class space    used 6923K, committed 7168K, reserved 1048576K
}
Event: 11747.493 GC heap before
{Heap before GC invocations=1094 (full 1061):
 garbage-first heap   total 106496K, used 31651K [0x0000000082c00000, 0x0000000100000000)
  region size 1024K, 1 young (1024K), 0 survivors (0K)
 Metaspace       used 52483K, committed 52992K, reserved 1097728K
  class space    used 6923K, committed 7168K, reserved 1048576K
}
Event: 11747.550 GC heap after
{Heap after GC invocations=1095 (full 1062):
 garbage-first heap   total 106496K, used 31651K [0x0000000082c00000, 0x0000000100000000)
  region size 1024K, 0 young (0K), 0 survivors (0K)
 Metaspace       used 52483K, committed 52992K, reserved 1097728K
  class space    used 6923K, committed 7168K, reserved 1048576K
}
Event: 11757.940 GC heap before
{Heap before GC invocations=1095 (full 1062):
 garbage-first heap   total 106496K, used 31651K [0x0000000082c00000, 0x0000000100000000)
  region size 1024K, 1 young (1024K), 0 survivors (0K)
 Metaspace       used 52483K, committed 52992K, reserved 1097728K
  class space    used 6923K, committed 7168K, reserved 1048576K
}
Event: 11757.993 GC heap after
{Heap after GC invocations=1096 (full 1063):
 garbage-first heap   total 106496K, used 31651K [0x0000000082c00000, 0x0000000100000000)
  region size 1024K, 0 young (0K), 0 survivors (0K)
 Metaspace       used 52483K, committed 52992K, reserved 1097728K
  class space    used 6923K, committed 7168K, reserved 1048576K
}
Event: 11768.390 GC heap before
{Heap before GC invocations=1096 (full 1063):
 garbage-first heap   total 106496K, used 31651K [0x0000000082c00000, 0x0000000100000000)
  region size 1024K, 1 young (1024K), 0 survivors (0K)
 Metaspace       used 52483K, committed 52992K, reserved 1097728K
  class space    used 6923K, committed 7168K, reserved 1048576K
}
Event: 11768.449 GC heap after
{Heap after GC invocations=1097 (full 1064):
 garbage-first heap   total 106496K, used 31651K [0x0000000082c00000, 0x0000000100000000)
  region size 1024K, 0 young (0K), 0 survivors (0K)
 Metaspace       used 52483K, committed 52992K, reserved 1097728K
  class space    used 6923K, committed 7168K, reserved 1048576K
}
Event: 11778.864 GC heap before
{Heap before GC invocations=1097 (full 1064):
 garbage-first heap   total 106496K, used 31651K [0x0000000082c00000, 0x0000000100000000)
  region size 1024K, 1 young (1024K), 0 survivors (0K)
 Metaspace       used 52483K, committed 52992K, reserved 1097728K
  class space    used 6923K, committed 7168K, reserved 1048576K
}
Event: 11778.923 GC heap after
{Heap after GC invocations=1098 (full 1065):
 garbage-first heap   total 106496K, used 31651K [0x0000000082c00000, 0x0000000100000000)
  region size 1024K, 0 young (0K), 0 survivors (0K)
 Metaspace       used 52483K, committed 52992K, reserved 1097728K
  class space    used 6923K, committed 7168K, reserved 1048576K
}
Event: 11789.344 GC heap before
{Heap before GC invocations=1098 (full 1065):
 garbage-first heap   total 106496K, used 31651K [0x0000000082c00000, 0x0000000100000000)
  region size 1024K, 1 young (1024K), 0 survivors (0K)
 Metaspace       used 52483K, committed 52992K, reserved 1097728K
  class space    used 6923K, committed 7168K, reserved 1048576K
}
Event: 11789.402 GC heap after
{Heap after GC invocations=1099 (full 1066):
 garbage-first heap   total 106496K, used 31651K [0x0000000082c00000, 0x0000000100000000)
  region size 1024K, 0 young (0K), 0 survivors (0K)
 Metaspace       used 52483K, committed 52992K, reserved 1097728K
  class space    used 6923K, committed 7168K, reserved 1048576K
}

Deoptimization events (20 events):
Event: 703.525 Thread 0x0000024b6377b310 DEOPT PACKING pc=0x0000024b57be83e4 sp=0x000000d7b19fea80
Event: 703.525 Thread 0x0000024b6377b310 DEOPT UNPACKING pc=0x0000024b573f2b43 sp=0x000000d7b19fe008 mode 0
Event: 703.525 Thread 0x0000024b63a2e500 DEOPT PACKING pc=0x0000024b57be83e4 sp=0x000000d7b31fe7a0
Event: 703.525 Thread 0x0000024b63a2e500 DEOPT UNPACKING pc=0x0000024b573f2b43 sp=0x000000d7b31fdd28 mode 0
Event: 703.546 Thread 0x0000024b625f3040 DEOPT PACKING pc=0x0000024b57be83e4 sp=0x000000d7b24fe930
Event: 703.546 Thread 0x0000024b625f3040 DEOPT UNPACKING pc=0x0000024b573f2b43 sp=0x000000d7b24fdeb8 mode 0
Event: 703.556 Thread 0x0000024b63afabc0 DEOPT PACKING pc=0x0000024b57be83e4 sp=0x000000d7b38fe700
Event: 703.556 Thread 0x0000024b63afabc0 DEOPT UNPACKING pc=0x0000024b573f2b43 sp=0x000000d7b38fdc88 mode 0
Event: 714.995 Thread 0x0000024b63afa220 DEOPT PACKING pc=0x0000024b57bdb37d sp=0x000000d7b3ffbe60
Event: 714.995 Thread 0x0000024b63afa220 DEOPT UNPACKING pc=0x0000024b573f2b43 sp=0x000000d7b3ffb3c8 mode 3
Event: 739.341 Thread 0x0000024b624ad490 DEOPT PACKING pc=0x0000024b5788c352 sp=0x000000d7b1afdaa0
Event: 739.341 Thread 0x0000024b624ad490 DEOPT UNPACKING pc=0x0000024b573f2b43 sp=0x000000d7b1afcfa8 mode 3
Event: 740.191 Thread 0x0000024b624ad490 DEOPT PACKING pc=0x0000024b58063ff4 sp=0x000000d7b1afe310
Event: 740.191 Thread 0x0000024b624ad490 DEOPT UNPACKING pc=0x0000024b573f2b43 sp=0x000000d7b1afd808 mode 0
Event: 740.191 Thread 0x0000024b624ad490 DEOPT PACKING pc=0x0000024b5801cdf4 sp=0x000000d7b1afe3e0
Event: 740.191 Thread 0x0000024b624ad490 DEOPT UNPACKING pc=0x0000024b573f2b43 sp=0x000000d7b1afd8b8 mode 0
Event: 740.191 Thread 0x0000024b624ad490 DEOPT PACKING pc=0x0000024b5801b6a4 sp=0x000000d7b1afe490
Event: 740.191 Thread 0x0000024b624ad490 DEOPT UNPACKING pc=0x0000024b573f2b43 sp=0x000000d7b1afda10 mode 0
Event: 740.192 Thread 0x0000024b624ad490 DEOPT PACKING pc=0x0000024b58051aac sp=0x000000d7b1afe790
Event: 740.192 Thread 0x0000024b624ad490 DEOPT UNPACKING pc=0x0000024b573f2b43 sp=0x000000d7b1afdc20 mode 0

Classes unloaded (20 events):
Event: 822.352 Thread 0x0000024b611e4430 Unloading class 0x0000000100498800 'java/lang/invoke/LambdaForm$MH+0x0000000100498800'
Event: 822.352 Thread 0x0000024b611e4430 Unloading class 0x0000000100498400 'java/lang/invoke/LambdaForm$MH+0x0000000100498400'
Event: 832.608 Thread 0x0000024b611e4430 Unloading class 0x0000000100708000 'java/lang/invoke/LambdaForm$DMH+0x0000000100708000'
Event: 832.608 Thread 0x0000024b611e4430 Unloading class 0x0000000100702800 'jdk/internal/reflect/GeneratedConstructorAccessor29'
Event: 832.608 Thread 0x0000024b611e4430 Unloading class 0x0000000100702400 'jdk/internal/reflect/GeneratedConstructorAccessor28'
Event: 832.608 Thread 0x0000024b611e4430 Unloading class 0x0000000100702000 'jdk/internal/reflect/GeneratedConstructorAccessor27'
Event: 832.608 Thread 0x0000024b611e4430 Unloading class 0x0000000100701c00 'jdk/internal/reflect/GeneratedConstructorAccessor26'
Event: 832.608 Thread 0x0000024b611e4430 Unloading class 0x0000000100701800 'jdk/internal/reflect/GeneratedConstructorAccessor25'
Event: 832.608 Thread 0x0000024b611e4430 Unloading class 0x0000000100701400 'jdk/internal/reflect/GeneratedConstructorAccessor24'
Event: 832.608 Thread 0x0000024b611e4430 Unloading class 0x0000000100701000 'jdk/internal/reflect/GeneratedConstructorAccessor23'
Event: 832.608 Thread 0x0000024b611e4430 Unloading class 0x0000000100700c00 'jdk/internal/reflect/GeneratedConstructorAccessor22'
Event: 832.608 Thread 0x0000024b611e4430 Unloading class 0x0000000100700800 'jdk/internal/reflect/GeneratedConstructorAccessor21'
Event: 832.608 Thread 0x0000024b611e4430 Unloading class 0x0000000100700400 'jdk/internal/reflect/GeneratedConstructorAccessor20'
Event: 832.608 Thread 0x0000024b611e4430 Unloading class 0x0000000100537400 'java/lang/invoke/LambdaForm$MH+0x0000000100537400'
Event: 832.608 Thread 0x0000024b611e4430 Unloading class 0x0000000100537000 'java/lang/invoke/LambdaForm$MH+0x0000000100537000'
Event: 832.608 Thread 0x0000024b611e4430 Unloading class 0x0000000100536c00 'java/lang/invoke/LambdaForm$MH+0x0000000100536c00'
Event: 832.608 Thread 0x0000024b611e4430 Unloading class 0x0000000100536800 'java/lang/invoke/LambdaForm$MH+0x0000000100536800'
Event: 832.608 Thread 0x0000024b611e4430 Unloading class 0x0000000100536400 'java/lang/invoke/LambdaForm$MH+0x0000000100536400'
Event: 832.608 Thread 0x0000024b611e4430 Unloading class 0x0000000100536000 'java/lang/invoke/LambdaForm$MH+0x0000000100536000'
Event: 832.608 Thread 0x0000024b611e4430 Unloading class 0x00000001004a8400 'java/lang/invoke/LambdaForm$MH+0x00000001004a8400'

Classes redefined (0 events):
No events

Internal exceptions (20 events):
Event: 738.291 Thread 0x0000024b63cc9bc0 Exception <a 'sun/nio/fs/WindowsException'{0x000000009730b550}> (0x000000009730b550) 
thrown [s\src\hotspot\share\prims\jni.cpp, line 516]
Event: 738.291 Thread 0x0000024b63cc9bc0 Exception <a 'sun/nio/fs/WindowsException'{0x000000009730bf68}> (0x000000009730bf68) 
thrown [s\src\hotspot\share\prims\jni.cpp, line 516]
Event: 738.291 Thread 0x0000024b63cc9bc0 Exception <a 'sun/nio/fs/WindowsException'{0x000000009730c328}> (0x000000009730c328) 
thrown [s\src\hotspot\share\prims\jni.cpp, line 516]
Event: 738.291 Thread 0x0000024b63cc9bc0 Exception <a 'sun/nio/fs/WindowsException'{0x000000009730cd50}> (0x000000009730cd50) 
thrown [s\src\hotspot\share\prims\jni.cpp, line 516]
Event: 738.291 Thread 0x0000024b63cc9bc0 Exception <a 'sun/nio/fs/WindowsException'{0x000000009730d130}> (0x000000009730d130) 
thrown [s\src\hotspot\share\prims\jni.cpp, line 516]
Event: 738.291 Thread 0x0000024b63cc9bc0 Exception <a 'sun/nio/fs/WindowsException'{0x000000009730db48}> (0x000000009730db48) 
thrown [s\src\hotspot\share\prims\jni.cpp, line 516]
Event: 738.292 Thread 0x0000024b63cc9bc0 Exception <a 'sun/nio/fs/WindowsException'{0x000000009730df08}> (0x000000009730df08) 
thrown [s\src\hotspot\share\prims\jni.cpp, line 516]
Event: 738.292 Thread 0x0000024b63cc9bc0 Exception <a 'sun/nio/fs/WindowsException'{0x000000009730e930}> (0x000000009730e930) 
thrown [s\src\hotspot\share\prims\jni.cpp, line 516]
Event: 738.292 Thread 0x0000024b63cc9bc0 Exception <a 'sun/nio/fs/WindowsException'{0x000000009730ed10}> (0x000000009730ed10) 
thrown [s\src\hotspot\share\prims\jni.cpp, line 516]
Event: 738.292 Thread 0x0000024b63cc9bc0 Exception <a 'sun/nio/fs/WindowsException'{0x000000009730f750}> (0x000000009730f750) 
thrown [s\src\hotspot\share\prims\jni.cpp, line 516]
Event: 738.292 Thread 0x0000024b63cc9bc0 Exception <a 'sun/nio/fs/WindowsException'{0x000000009730fb40}> (0x000000009730fb40) 
thrown [s\src\hotspot\share\prims\jni.cpp, line 516]
Event: 738.292 Thread 0x0000024b63cc9bc0 Exception <a 'sun/nio/fs/WindowsException'{0x0000000097310598}> (0x0000000097310598) 
thrown [s\src\hotspot\share\prims\jni.cpp, line 516]
Event: 738.292 Thread 0x0000024b63cc9bc0 Exception <a 'sun/nio/fs/WindowsException'{0x00000000973109a8}> (0x00000000973109a8) 
thrown [s\src\hotspot\share\prims\jni.cpp, line 516]
Event: 738.292 Thread 0x0000024b63cc9bc0 Exception <a 'sun/nio/fs/WindowsException'{0x00000000973113f8}> (0x00000000973113f8) 
thrown [s\src\hotspot\share\prims\jni.cpp, line 516]
Event: 738.292 Thread 0x0000024b63cc9bc0 Exception <a 'sun/nio/fs/WindowsException'{0x0000000097311808}> (0x0000000097311808) 
thrown [s\src\hotspot\share\prims\jni.cpp, line 516]
Event: 780.277 Thread 0x0000024b63afa6f0 Exception <a 'java/lang/NoSuchMethodError'{0x00000000a0866688}: 'void java.lang.invoke.DirectMethodHandle$Holder.invokeStatic(java.lang.Object, long)'> (0x00000000a0866688) 
thrown [s\src\hotspot\share\interpreter\linkResolver.cpp, line 759]
Event: 780.277 Thread 0x0000024b63afa6f0 Exception <a 'java/lang/NoSuchMethodError'{0x00000000a086ba30}: 'java.lang.Object java.lang.invoke.DirectMethodHandle$Holder.newInvokeSpecial(java.lang.Object, long)'> (0x00000000a086ba30) 
thrown [s\src\hotspot\share\interpreter\linkResolver.cpp, line 759]
Event: 780.279 Thread 0x0000024b63afa6f0 Exception <a 'java/lang/NoSuchMethodError'{0x00000000a08725a8}: 'java.lang.Object java.lang.invoke.DirectMethodHandle$Holder.invokeStatic(java.lang.Object, java.lang.Object, long, java.lang.Object)'> (0x00000000a08725a8) 
thrown [s\src\hotspot\share\interpreter\linkResolver.cpp, line 759]
Event: 780.279 Thread 0x0000024b63afa6f0 Exception <a 'java/lang/NoSuchMethodError'{0x00000000a0876040}: 'java.lang.Object java.lang.invoke.DirectMethodHandle$Holder.invokeStaticInit(java.lang.Object, java.lang.Object, long, java.lang.Object)'> (0x00000000a0876040) 
thrown [s\src\hotspot\share\interpreter\linkResolver.cpp, line 759]
Event: 780.280 Thread 0x0000024b63afa6f0 Exception <a 'java/lang/NoSuchMethodError'{0x00000000a087c370}: 'java.lang.Object java.lang.invoke.DirectMethodHandle$Holder.newInvokeSpecial(java.lang.Object, java.lang.Object, long)'> (0x00000000a087c370) 
thrown [s\src\hotspot\share\interpreter\linkResolver.cpp, line 759]

VM Operations (20 events):
Event: 11694.239 Executing VM operation: G1CollectFull done
Event: 11704.977 Executing VM operation: G1CollectFull
Event: 11705.034 Executing VM operation: G1CollectFull done
Event: 11715.560 Executing VM operation: G1CollectFull
Event: 11715.625 Executing VM operation: G1CollectFull done
Event: 11725.971 Executing VM operation: G1CollectFull
Event: 11726.029 Executing VM operation: G1CollectFull done
Event: 11736.960 Executing VM operation: G1CollectFull
Event: 11737.019 Executing VM operation: G1CollectFull done
Event: 11747.493 Executing VM operation: G1CollectFull
Event: 11747.551 Executing VM operation: G1CollectFull done
Event: 11757.940 Executing VM operation: G1CollectFull
Event: 11757.993 Executing VM operation: G1CollectFull done
Event: 11768.390 Executing VM operation: G1CollectFull
Event: 11768.449 Executing VM operation: G1CollectFull done
Event: 11778.864 Executing VM operation: G1CollectFull
Event: 11778.923 Executing VM operation: G1CollectFull done
Event: 11789.344 Executing VM operation: G1CollectFull
Event: 11789.402 Executing VM operation: G1CollectFull done
Event: 11799.732 Executing VM operation: G1CollectFull

Events (20 events):
Event: 748.720 Thread 0x0000024b64391530 Thread exited: 0x0000024b64391530
Event: 758.712 Thread 0x0000024b64391020 Thread exited: 0x0000024b64391020
Event: 764.145 Thread 0x0000024b63afb560 Thread exited: 0x0000024b63afb560
Event: 780.243 loading class java/lang/ProcessBuilder
Event: 780.244 loading class java/lang/ProcessBuilder done
Event: 780.244 loading class java/lang/ProcessImpl
Event: 780.244 loading class java/lang/Process
Event: 780.245 loading class java/lang/Process done
Event: 780.245 loading class java/lang/ProcessImpl done
Event: 780.277 loading class java/lang/ProcessHandleImpl
Event: 780.278 loading class java/lang/ProcessHandle
Event: 780.278 loading class java/lang/ProcessHandle done
Event: 780.278 loading class java/lang/ProcessHandleImpl done
Event: 780.280 loading class java/lang/ProcessImpl$2
Event: 780.280 loading class java/lang/ProcessImpl$2 done
Event: 780.280 loading class java/lang/Process$PipeInputStream
Event: 780.280 loading class java/lang/Process$PipeInputStream done
Event: 780.281 loading class jdk/internal/event/ProcessStartEvent
Event: 780.281 loading class jdk/internal/event/ProcessStartEvent done
Event: 800.493 Thread 0x0000024b624ad490 Thread exited: 0x0000024b624ad490


Dynamic libraries:
0x00007ff66cbe0000 - 0x00007ff66cbee000 	c:\Users\Web Master\.vscode\extensions\redhat.java-1.10.0-win32-x64\jre\17.0.4-win32-x86_64\bin\java.exe
0x00007fff01b20000 - 0x00007fff01d29000 	C:\WINDOWS\SYSTEM32\ntdll.dll
0x00007ffeffb90000 - 0x00007ffeffc4d000 	C:\WINDOWS\System32\KERNEL32.DLL
0x00007ffeff1c0000 - 0x00007ffeff53c000 	C:\WINDOWS\System32\KERNELBASE.dll
0x00007ffeff000000 - 0x00007ffeff111000 	C:\WINDOWS\System32\ucrtbase.dll
0x00007ffef8350000 - 0x00007ffef8368000 	c:\Users\Web Master\.vscode\extensions\redhat.java-1.10.0-win32-x64\jre\17.0.4-win32-x86_64\bin\jli.dll
0x00007fff01930000 - 0x00007fff01add000 	C:\WINDOWS\System32\USER32.dll
0x00007ffeff7f0000 - 0x00007ffeff816000 	C:\WINDOWS\System32\win32u.dll
0x00007fff00b00000 - 0x00007fff00b29000 	C:\WINDOWS\System32\GDI32.dll
0x00007ffeff820000 - 0x00007ffeff939000 	C:\WINDOWS\System32\gdi32full.dll
0x00007ffeff120000 - 0x00007ffeff1bd000 	C:\WINDOWS\System32\msvcp_win.dll
0x00007ffef8300000 - 0x00007ffef8319000 	c:\Users\Web Master\.vscode\extensions\redhat.java-1.10.0-win32-x64\jre\17.0.4-win32-x86_64\bin\VCRUNTIME140.dll
0x00007ffef5700000 - 0x00007ffef59a5000 	C:\WINDOWS\WinSxS\amd64_microsoft.windows.common-controls_6595b64144ccf1df_6.0.22000.120_none_9d947278b86cc467\COMCTL32.dll
0x00007ffeffad0000 - 0x00007ffeffb73000 	C:\WINDOWS\System32\msvcrt.dll
0x00007fff01580000 - 0x00007fff015b1000 	C:\WINDOWS\System32\IMM32.DLL
0x00007ffef6700000 - 0x00007ffef670c000 	c:\Users\Web Master\.vscode\extensions\redhat.java-1.10.0-win32-x64\jre\17.0.4-win32-x86_64\bin\vcruntime140_1.dll
0x00007ffeb8220000 - 0x00007ffeb82b1000 	c:\Users\Web Master\.vscode\extensions\redhat.java-1.10.0-win32-x64\jre\17.0.4-win32-x86_64\bin\msvcp140.dll
0x00007ffe8a600000 - 0x00007ffe8b246000 	c:\Users\Web Master\.vscode\extensions\redhat.java-1.10.0-win32-x64\jre\17.0.4-win32-x86_64\bin\server\jvm.dll
0x00007fff014d0000 - 0x00007fff0157e000 	C:\WINDOWS\System32\ADVAPI32.dll
0x00007ffeffa30000 - 0x00007ffefface000 	C:\WINDOWS\System32\sechost.dll
0x00007fff00980000 - 0x00007fff00aa0000 	C:\WINDOWS\System32\RPCRT4.dll
0x00007ffeffa20000 - 0x00007ffeffa28000 	C:\WINDOWS\System32\PSAPI.DLL
0x00007ffefc290000 - 0x00007ffefc299000 	C:\WINDOWS\SYSTEM32\WSOCK32.dll
0x00007ffeff9b0000 - 0x00007ffeffa1f000 	C:\WINDOWS\System32\WS2_32.dll
0x00007ffefa670000 - 0x00007ffefa6a3000 	C:\WINDOWS\SYSTEM32\WINMM.dll
0x00007ffef86c0000 - 0x00007ffef86ca000 	C:\WINDOWS\SYSTEM32\VERSION.dll
0x00007ffefe0f0000 - 0x00007ffefe108000 	C:\WINDOWS\SYSTEM32\kernel.appcore.dll
0x00007ffef66c0000 - 0x00007ffef66ca000 	c:\Users\Web Master\.vscode\extensions\redhat.java-1.10.0-win32-x64\jre\17.0.4-win32-x86_64\bin\jimage.dll
0x00007ffef8ca0000 - 0x00007ffef8ec1000 	C:\WINDOWS\SYSTEM32\DBGHELP.DLL
0x00007ffef8c60000 - 0x00007ffef8c91000 	C:\WINDOWS\SYSTEM32\dbgcore.DLL
0x00007ffeff600000 - 0x00007ffeff67f000 	C:\WINDOWS\System32\bcryptPrimitives.dll
0x00007ffed6eb0000 - 0x00007ffed6ed5000 	c:\Users\Web Master\.vscode\extensions\redhat.java-1.10.0-win32-x64\jre\17.0.4-win32-x86_64\bin\java.dll
0x00007ffedb4c0000 - 0x00007ffedb4d8000 	c:\Users\Web Master\.vscode\extensions\redhat.java-1.10.0-win32-x64\jre\17.0.4-win32-x86_64\bin\zip.dll
0x00007fff000e0000 - 0x00007fff00898000 	C:\WINDOWS\System32\SHELL32.dll
0x00007ffefd250000 - 0x00007ffefdab8000 	C:\WINDOWS\SYSTEM32\windows.storage.dll
0x00007fff010f0000 - 0x00007fff01469000 	C:\WINDOWS\System32\combase.dll
0x00007ffefd030000 - 0x00007ffefd196000 	C:\WINDOWS\SYSTEM32\wintypes.dll
0x00007fff01000000 - 0x00007fff010ea000 	C:\WINDOWS\System32\SHCORE.dll
0x00007fff00aa0000 - 0x00007fff00afd000 	C:\WINDOWS\System32\shlwapi.dll
0x00007ffefef30000 - 0x00007ffefef51000 	C:\WINDOWS\SYSTEM32\profapi.dll
0x00007ffed2f90000 - 0x00007ffed2fa9000 	C:\Users\Web Master\.vscode\extensions\redhat.java-1.10.0-win32-x64\jre\17.0.4-win32-x86_64\bin\net.dll
0x00007ffef9940000 - 0x00007ffef9a4c000 	C:\WINDOWS\SYSTEM32\WINHTTP.dll
0x00007ffefe520000 - 0x00007ffefe587000 	C:\WINDOWS\system32\mswsock.dll
0x00007ffecf060000 - 0x00007ffecf075000 	C:\Users\Web Master\.vscode\extensions\redhat.java-1.10.0-win32-x64\jre\17.0.4-win32-x86_64\bin\nio.dll
0x00007ffef15e0000 - 0x00007ffef15f0000 	c:\Users\Web Master\.vscode\extensions\redhat.java-1.10.0-win32-x64\jre\17.0.4-win32-x86_64\bin\verify.dll
0x00007ffeed040000 - 0x00007ffeed049000 	C:\Users\Web Master\.vscode\extensions\redhat.java-1.10.0-win32-x64\jre\17.0.4-win32-x86_64\bin\management.dll
0x00007ffedb4b0000 - 0x00007ffedb4bb000 	C:\Users\Web Master\.vscode\extensions\redhat.java-1.10.0-win32-x64\jre\17.0.4-win32-x86_64\bin\management_ext.dll
0x00007ffedb3f0000 - 0x00007ffedb407000 	C:\WINDOWS\system32\napinsp.dll
0x00007ffedb3d0000 - 0x00007ffedb3eb000 	C:\WINDOWS\system32\pnrpnsp.dll
0x00007ffefdc40000 - 0x00007ffefdd28000 	C:\WINDOWS\SYSTEM32\DNSAPI.dll
0x00007ffefdbe0000 - 0x00007ffefdc0d000 	C:\WINDOWS\SYSTEM32\IPHLPAPI.DLL
0x00007ffeffb80000 - 0x00007ffeffb89000 	C:\WINDOWS\System32\NSI.dll
0x00007ffedb3b0000 - 0x00007ffedb3c2000 	C:\WINDOWS\System32\winrnr.dll
0x00007ffedb360000 - 0x00007ffedb375000 	C:\WINDOWS\system32\wshbth.dll
0x00007ffedb330000 - 0x00007ffedb34f000 	C:\WINDOWS\system32\nlansp_c.dll
0x000000006f750000 - 0x000000006f776000 	C:\Program Files\Bonjour\mdnsNSP.dll
0x00007ffef86d0000 - 0x00007ffef86da000 	C:\Windows\System32\rasadhlp.dll
0x00007ffef6240000 - 0x00007ffef62c1000 	C:\WINDOWS\System32\fwpuclnt.dll
0x00007ffefe770000 - 0x00007ffefe788000 	C:\WINDOWS\SYSTEM32\CRYPTSP.dll
0x00007ffefe050000 - 0x00007ffefe085000 	C:\WINDOWS\system32\rsaenh.dll
0x00007ffefe610000 - 0x00007ffefe639000 	C:\WINDOWS\SYSTEM32\USERENV.dll
0x00007ffefe8f0000 - 0x00007ffefe917000 	C:\WINDOWS\SYSTEM32\bcrypt.dll
0x00007ffefe760000 - 0x00007ffefe76c000 	C:\WINDOWS\SYSTEM32\CRYPTBASE.dll
0x00007ffef9ee0000 - 0x00007ffef9ef9000 	C:\WINDOWS\SYSTEM32\dhcpcsvc6.DLL
0x00007ffefaae0000 - 0x00007ffefaafe000 	C:\WINDOWS\SYSTEM32\dhcpcsvc.DLL

dbghelp: loaded successfully - version: 4.0.5 - missing functions: none
symbol engine: initialized successfully - sym options: 0x614 - pdb path: .;c:\Users\Web Master\.vscode\extensions\redhat.java-1.10.0-win32-x64\jre\17.0.4-win32-x86_64\bin;C:\WINDOWS\SYSTEM32;C:\WINDOWS\WinSxS\amd64_microsoft.windows.common-controls_6595b64144ccf1df_6.0.22000.120_none_9d947278b86cc467;c:\Users\Web Master\.vscode\extensions\redhat.java-1.10.0-win32-x64\jre\17.0.4-win32-x86_64\bin\server;C:\Program Files\Bonjour

VM Arguments:
jvm_args: -Dsts.lsp.client=vscode -Dsts.log.file=/dev/null -XX:TieredStopAtLevel=1 -Xlog:jni+resolve=off -Dspring.config.location=file:c:\Users\Web Master\.vscode\extensions\pivotal.vscode-spring-boot-1.39.0\language-server\BOOT-INF\classes\application.properties 
java_command: org.springframework.ide.vscode.boot.app.BootLanguageServerBootApp
java_class_path (initial): c:\Users\Web Master\.vscode\extensions\pivotal.vscode-spring-boot-1.39.0\language-server\BOOT-INF\classes;c:\Users\Web Master\.vscode\extensions\pivotal.vscode-spring-boot-1.39.0\language-server\BOOT-INF\lib\annotations-23.0.0.jar;c:\Users\Web Master\.vscode\extensions\pivotal.vscode-spring-boot-1.39.0\language-server\BOOT-INF\lib\antlr-runtime-3.5.2.jar;c:\Users\Web Master\.vscode\extensions\pivotal.vscode-spring-boot-1.39.0\language-server\BOOT-INF\lib\antlr4-4.9.3.jar;c:\Users\Web Master\.vscode\extensions\pivotal.vscode-spring-boot-1.39.0\language-server\BOOT-INF\lib\antlr4-runtime-4.9.3.jar;c:\Users\Web Master\.vscode\extensions\pivotal.vscode-spring-boot-1.39.0\language-server\BOOT-INF\lib\asm-9.3.jar;c:\Users\Web Master\.vscode\extensions\pivotal.vscode-spring-boot-1.39.0\language-server\BOOT-INF\lib\asm-analysis-9.3.jar;c:\Users\Web Master\.vscode\extensions\pivotal.vscode-spring-boot-1.39.0\language-server\BOOT-INF\lib\asm-tree-9.3.jar;c:\Users\Web Master\.vscode\extensions\pivotal.vscode-spring-boot-1.39.0\language-server\BOOT-INF\lib\asm-util-9.3.jar;c:\Users\Web Master\.vscode\extensions\pivotal.vscode-spring-boot-1.39.0\language-server\BOOT-INF\lib\byte-buddy-1.12.13.jar;c:\Users\Web Master\.vscode\extensions\pivotal.vscode-spring-boot-1.39.0\language-server\BOOT-INF\lib\caffeine-2.9.3.jar;c:\Users\Web Master\.vscode\extensions\pivotal.vscode-spring-boot-1.39.0\language-server\BOOT-INF\lib\checker-qual-3.12.0.jar;c:\Users\Web Master\.vscode\extensions\pivotal.vscode-spring-boot-1.39.0\language-server\BOOT-INF\lib\classgraph-4.8.149.jar;c:\Users\Web Master\.vscode\extensions\pivotal.vscode-spring-boot-1.39.0\language-server\BOOT-INF\lib\commons-codec-1.15.jar;c:\Users\Web Master\.vscode\extensions\pivotal.vscode-spring-boot-1.39.0\language-server\BOOT-INF\lib\commons-compress-1.21.jar;c:\Users\Web Master\.vscode\extensions\pivotal.vscode-spring-boot-1.39.0\language-server\BOOT-INF\lib\commons-exec-1.3.jar;c:\Users\Web Master\
Launcher Type: SUN_STANDARD

[Global flags]
     intx CICompilerCount                          = 3                                         {product} {ergonomic}
     uint ConcGCThreads                            = 1                                         {product} {ergonomic}
     uint G1ConcRefinementThreads                  = 4                                         {product} {ergonomic}
   size_t G1HeapRegionSize                         = 1048576                                   {product} {ergonomic}
    uintx GCDrainStackTargetSize                   = 64                                        {product} {ergonomic}
   size_t InitialHeapSize                          = 132120576                                 {product} {ergonomic}
   size_t MarkStackSize                            = 4194304                                   {product} {ergonomic}
   size_t MaxHeapSize                              = 2101346304                                {product} {ergonomic}
   size_t MaxNewSize                               = 1260388352                                {product} {ergonomic}
   size_t MinHeapDeltaBytes                        = 1048576                                   {product} {ergonomic}
   size_t MinHeapSize                              = 8388608                                   {product} {ergonomic}
    uintx NonProfiledCodeHeapSize                  = 0                                      {pd product} {ergonomic}
     bool ProfileInterpreter                       = false                                  {pd product} {command line}
    uintx ProfiledCodeHeapSize                     = 0                                      {pd product} {ergonomic}
   size_t SoftMaxHeapSize                          = 2101346304                             {manageable} {ergonomic}
     intx TieredStopAtLevel                        = 1                                         {product} {command line}
     bool UseCompressedClassPointers               = true                           {product lp64_product} {ergonomic}
     bool UseCompressedOops                        = true                           {product lp64_product} {ergonomic}
     bool UseG1GC                                  = true                                      {product} {ergonomic}
     bool UseLargePagesIndividualAllocation        = false                                  {pd product} {ergonomic}

Logging:
Log output configuration:
 #0: stdout all=warning,jni+resolve=off uptime,level,tags
 #1: stderr all=off uptime,level,tags

Environment Variables:
JAVA_HOME=C:\Program Files\Java\jdk-18.0.1.1
PATH=C:\Program Files\Common Files\Oracle\Java\javapath;C:\WINDOWS\system32;C:\WINDOWS;C:\WINDOWS\System32\Wbem;C:\WINDOWS\System32\WindowsPowerShell\v1.0\;C:\WINDOWS\System32\OpenSSH\;C:\Program Files (x86)\Intel\OpenCL SDK\2.0\bin\x86;C:\Program Files (x86)\Intel\OpenCL SDK\2.0\bin\x64;C:\Program Files\nodejs\;C:\Program Files\Git\cmd;C:\Program Files\Microsoft SQL Server\150\Tools\Binn\;C:\Program Files\Microsoft SQL Server\Client SDK\ODBC\170\Tools\Binn\;C:\Program Files\dotnet\;C:\Program Files (x86)\Microsoft SQL Server\150\Tools\Binn\;C:\Program Files\Microsoft SQL Server\150\DTS\Binn\;C:\apache-maven-3.8.6\bin
USERNAME=Web Master
OS=Windows_NT
PROCESSOR_IDENTIFIER=Intel64 Family 6 Model 42 Stepping 7, GenuineIntel
TMP=C:\Users\WEBMAS~1\AppData\Local\Temp
TEMP=C:\Users\WEBMAS~1\AppData\Local\Temp



---------------  S Y S T E M  ---------------

OS:
 Windows 11 , 64 bit Build 22000 (10.0.22000.708)
OS uptime: 12 days 17:47 hours

CPU: total 4 (initial active 4) (2 cores per cpu, 2 threads per core) family 6 model 42 stepping 7 microcode 0x2f, cx8, cmov, fxsr, ht, mmx, sse, sse2, sse3, ssse3, sse4.1, sse4.2, popcnt, tsc, tscinvbit, avx, clmul, vzeroupper, clflush

Memory: 4k page, system-wide physical 8010M (620M free)
TotalPageFile size 17495M (AvailPageFile size 13M)
current process WorkingSet (physical memory assigned to process): 80M, peak: 814M
current process commit charge ("private bytes"): 256M, peak: 831M

vm_info: OpenJDK 64-Bit Server VM (17.0.4+8) for windows-amd64 JRE (17.0.4+8), built on Jul 19 2022 16:05:16 by "temurin" with MS VC++ 16.7 (VS2019)

END.
